<?xml version="1.0" encoding="UTF-8"?>
<testng-results skipped="0" failed="0" total="1" passed="1">
  <reporter-output>
  </reporter-output>
  <suite name="Default suite" duration-ms="18113" started-at="2015-08-14T07:47:47Z" finished-at="2015-08-14T07:48:05Z">
    <groups>
    </groups>
    <test name="Default test" duration-ms="18113" started-at="2015-08-14T07:47:47Z" finished-at="2015-08-14T07:48:05Z">
      <class name="com.loginTest.google.LoginTest">
        <test-method status="PASS" signature="TestLoginPg()[pri:0, instance:com.loginTest.google.LoginTest@15e3f46]" name="TestLoginPg" duration-ms="18101" started-at="2015-08-14T13:17:47Z" finished-at="2015-08-14T13:18:05Z">
          <reporter-output>
          </reporter-output>
        </test-method> <!-- TestLoginPg -->
      </class> <!-- com.loginTest.google.LoginTest -->
    </test> <!-- Default test -->
  </suite> <!-- Default suite -->
</testng-results>
