<?xml version="1.0" encoding="UTF-8"?>
<testng-results skipped="0" failed="0" total="1" passed="1">
  <reporter-output>
  </reporter-output>
  <suite name="Command line suite" duration-ms="10" started-at="2015-08-13T13:14:48Z" finished-at="2015-08-13T13:14:48Z">
    <groups>
    </groups>
    <test name="Command line test" duration-ms="10" started-at="2015-08-13T13:14:48Z" finished-at="2015-08-13T13:14:48Z">
      <class name="com.pom.sample.AppTest">
        <test-method status="PASS" signature="testApp()" name="testApp" duration-ms="2" started-at="2015-08-13T13:14:48Z" finished-at="2015-08-13T13:14:48Z">
        </test-method>
      </class>
    </test>
  </suite>
</testng-results>
